Determining if the pthread_create exist failed with the following output:
Change Dir: /home/balileua/catkin_ws/build/CMakeFiles/CMakeTmp

Run Build Command:"/usr/bin/make" "cmTC_2dfba/fast"
/usr/bin/make -f CMakeFiles/cmTC_2dfba.dir/build.make CMakeFiles/cmTC_2dfba.dir/build
make[1]: Entering directory '/home/balileua/catkin_ws/build/CMakeFiles/CMakeTmp'
Building C object CMakeFiles/cmTC_2dfba.dir/CheckSymbolExists.c.o
/usr/bin/cc     -o CMakeFiles/cmTC_2dfba.dir/CheckSymbolExists.c.o   -c /home/balileua/catkin_ws/build/CMakeFiles/CMakeTmp/CheckSymbolExists.c
Linking C executable cmTC_2dfba
/usr/bin/cmake -E cmake_link_script CMakeFiles/cmTC_2dfba.dir/link.txt --verbose=1
/usr/bin/cc       CMakeFiles/cmTC_2dfba.dir/CheckSymbolExists.c.o  -o cmTC_2dfba -rdynamic 
CMakeFiles/cmTC_2dfba.dir/CheckSymbolExists.c.o: In function `main':
CheckSymbolExists.c:(.text+0x16): undefined reference to `pthread_create'
collect2: error: ld returned 1 exit status
CMakeFiles/cmTC_2dfba.dir/build.make:97: recipe for target 'cmTC_2dfba' failed
make[1]: *** [cmTC_2dfba] Error 1
make[1]: Leaving directory '/home/balileua/catkin_ws/build/CMakeFiles/CMakeTmp'
Makefile:126: recipe for target 'cmTC_2dfba/fast' failed
make: *** [cmTC_2dfba/fast] Error 2

File /home/balileua/catkin_ws/build/CMakeFiles/CMakeTmp/CheckSymbolExists.c:
/* */
#include <pthread.h>

int main(int argc, char** argv)
{
  (void)argv;
#ifndef pthread_create
  return ((int*)(&pthread_create))[argc];
#else
  (void)argc;
  return 0;
#endif
}

Determining if the function pthread_create exists in the pthreads failed with the following output:
Change Dir: /home/balileua/catkin_ws/build/CMakeFiles/CMakeTmp

Run Build Command:"/usr/bin/make" "cmTC_4860f/fast"
/usr/bin/make -f CMakeFiles/cmTC_4860f.dir/build.make CMakeFiles/cmTC_4860f.dir/build
make[1]: Entering directory '/home/balileua/catkin_ws/build/CMakeFiles/CMakeTmp'
Building C object CMakeFiles/cmTC_4860f.dir/CheckFunctionExists.c.o
/usr/bin/cc    -DCHECK_FUNCTION_EXISTS=pthread_create   -o CMakeFiles/cmTC_4860f.dir/CheckFunctionExists.c.o   -c /usr/share/cmake-3.5/Modules/CheckFunctionExists.c
Linking C executable cmTC_4860f
/usr/bin/cmake -E cmake_link_script CMakeFiles/cmTC_4860f.dir/link.txt --verbose=1
/usr/bin/cc   -DCHECK_FUNCTION_EXISTS=pthread_create    CMakeFiles/cmTC_4860f.dir/CheckFunctionExists.c.o  -o cmTC_4860f -rdynamic -lpthreads 
/usr/bin/ld: cannot find -lpthreads
collect2: error: ld returned 1 exit status
CMakeFiles/cmTC_4860f.dir/build.make:97: recipe for target 'cmTC_4860f' failed
make[1]: *** [cmTC_4860f] Error 1
make[1]: Leaving directory '/home/balileua/catkin_ws/build/CMakeFiles/CMakeTmp'
Makefile:126: recipe for target 'cmTC_4860f/fast' failed
make: *** [cmTC_4860f/fast] Error 2


